
> logic-loom@0.1.0 dev
> next dev

▲ Next.js 16.1.1 (Turbopack)
- Local:         http://localhost:3000
- Network:       http://192.168.0.2:3000

✓ Starting...
✓ Ready in 1222ms
○ Compiling / ...
 GET / 200 in 6.3s (compile: 5.8s, render: 510ms)
 GET /login 200 in 854ms (compile: 706ms, render: 148ms)
 GET / 200 in 156ms (compile: 7ms, render: 149ms)
⚠ Found a change in next.config.ts. Restarting the server to apply the changes...
▲ Next.js 16.1.1 (Turbopack)
- Local:         http://localhost:3000
- Network:       http://192.168.0.2:3000

✓ Starting...
✓ Ready in 1929ms
⚠ Found a change in next.config.ts. Restarting the server to apply the changes...
▲ Next.js 16.1.1 (Turbopack)
- Local:         http://localhost:3000
- Network:       http://192.168.0.2:3000

✓ Starting...
✓ Ready in 3.8s
